<?xml version="1.0" encoding="UTF-8"?>
<testsuite name="com.LuminoSys.floodSafe.FloodSafeApplicationTests" tests="1" skipped="0" failures="0" errors="0" timestamp="2024-08-04T20:53:38" hostname="LAY" time="0.44">
  <properties/>
  <testcase name="contextLoads()" classname="com.LuminoSys.floodSafe.FloodSafeApplicationTests" time="0.44"/>
  <system-out><![CDATA[17:53:32.869 [Test worker] INFO org.springframework.test.context.support.AnnotationConfigContextLoaderUtils -- Could not detect default configuration classes for test class [com.LuminoSys.floodSafe.FloodSafeApplicationTests]: FloodSafeApplicationTests does not declare any static, non-private, non-final, nested classes annotated with @Configuration.
17:53:32.976 [Test worker] INFO org.springframework.boot.test.context.SpringBootTestContextBootstrapper -- Found @SpringBootConfiguration com.LuminoSys.floodSafe.FloodSafeApplication for test class com.LuminoSys.floodSafe.FloodSafeApplicationTests

  .   ____          _            __ _ _
 /\\ / ___'_ __ _ _(_)_ __  __ _ \ \ \ \
( ( )\___ | '_ | '_| | '_ \/ _` | \ \ \ \
 \\/  ___)| |_)| | | | | || (_| |  ) ) ) )
  '  |____| .__|_| |_|_| |_\__, | / / / /
 =========|_|==============|___/=/_/_/_/

 :: Spring Boot ::                (v3.3.2)

2024-08-04T17:53:33.337-03:00  INFO 18048 --- [FloodSafe] [    Test worker] c.L.floodSafe.FloodSafeApplicationTests  : Starting FloodSafeApplicationTests using Java 21.0.3 with PID 18048 (started by laysa in C:\Projetos\flood-safe\FloodSafeApi)
2024-08-04T17:53:33.339-03:00  INFO 18048 --- [FloodSafe] [    Test worker] c.L.floodSafe.FloodSafeApplicationTests  : No active profile set, falling back to 1 default profile: "default"
2024-08-04T17:53:34.200-03:00  INFO 18048 --- [FloodSafe] [    Test worker] .s.d.r.c.RepositoryConfigurationDelegate : Bootstrapping Spring Data JPA repositories in DEFAULT mode.
2024-08-04T17:53:34.342-03:00  INFO 18048 --- [FloodSafe] [    Test worker] .s.d.r.c.RepositoryConfigurationDelegate : Finished Spring Data repository scanning in 135 ms. Found 3 JPA repository interfaces.
2024-08-04T17:53:34.987-03:00  INFO 18048 --- [FloodSafe] [    Test worker] com.zaxxer.hikari.HikariDataSource       : HikariPool-1 - Starting...
2024-08-04T17:53:35.158-03:00  INFO 18048 --- [FloodSafe] [    Test worker] com.zaxxer.hikari.pool.HikariPool        : HikariPool-1 - Added connection org.postgresql.jdbc.PgConnection@26994c6a
2024-08-04T17:53:35.160-03:00  INFO 18048 --- [FloodSafe] [    Test worker] com.zaxxer.hikari.HikariDataSource       : HikariPool-1 - Start completed.
2024-08-04T17:53:35.187-03:00  INFO 18048 --- [FloodSafe] [    Test worker] org.flywaydb.core.FlywayExecutor         : Database: jdbc:postgresql://localhost:5432/flood_safe (PostgreSQL 16.3)
2024-08-04T17:53:35.241-03:00  INFO 18048 --- [FloodSafe] [    Test worker] o.f.core.internal.command.DbValidate     : Successfully validated 3 migrations (execution time 00:00.034s)
2024-08-04T17:53:35.304-03:00  INFO 18048 --- [FloodSafe] [    Test worker] o.f.core.internal.command.DbMigrate      : Current version of schema "public": 3
2024-08-04T17:53:35.308-03:00  INFO 18048 --- [FloodSafe] [    Test worker] o.f.core.internal.command.DbMigrate      : Schema "public" is up to date. No migration necessary.
2024-08-04T17:53:35.464-03:00  INFO 18048 --- [FloodSafe] [    Test worker] o.hibernate.jpa.internal.util.LogHelper  : HHH000204: Processing PersistenceUnitInfo [name: default]
2024-08-04T17:53:35.543-03:00  INFO 18048 --- [FloodSafe] [    Test worker] org.hibernate.Version                    : HHH000412: Hibernate ORM core version 6.5.2.Final
2024-08-04T17:53:35.600-03:00  INFO 18048 --- [FloodSafe] [    Test worker] o.h.c.internal.RegionFactoryInitiator    : HHH000026: Second-level cache disabled
2024-08-04T17:53:35.902-03:00  INFO 18048 --- [FloodSafe] [    Test worker] o.s.o.j.p.SpringPersistenceUnitInfo      : No LoadTimeWeaver setup: ignoring JPA class transformer
2024-08-04T17:53:36.641-03:00  INFO 18048 --- [FloodSafe] [    Test worker] o.h.e.t.j.p.i.JtaPlatformInitiator       : HHH000489: No JTA platform available (set 'hibernate.transaction.jta.platform' to enable JTA platform integration)
Hibernate: alter table if exists midia alter column arquivo set data type bytea
2024-08-04T17:53:36.682-03:00  INFO 18048 --- [FloodSafe] [    Test worker] j.LocalContainerEntityManagerFactoryBean : Initialized JPA EntityManagerFactory for persistence unit 'default'
2024-08-04T17:53:37.319-03:00  INFO 18048 --- [FloodSafe] [    Test worker] r$InitializeUserDetailsManagerConfigurer : Global AuthenticationManager configured with UserDetailsService bean with name authenticationService
2024-08-04T17:53:37.365-03:00  WARN 18048 --- [FloodSafe] [    Test worker] JpaBaseConfiguration$JpaWebConfiguration : spring.jpa.open-in-view is enabled by default. Therefore, database queries may be performed during view rendering. Explicitly configure spring.jpa.open-in-view to disable this warning
2024-08-04T17:53:38.091-03:00  INFO 18048 --- [FloodSafe] [    Test worker] c.L.floodSafe.FloodSafeApplicationTests  : Started FloodSafeApplicationTests in 4.978 seconds (process running for 6.283)
]]></system-out>
  <system-err><![CDATA[WARNING: A Java agent has been loaded dynamically (C:\Users\laysa\.gradle\caches\modules-2\files-2.1\net.bytebuddy\byte-buddy-agent\1.14.18\417558ea01fe9f0e8a94af28b9469d281c4e3984\byte-buddy-agent-1.14.18.jar)
WARNING: If a serviceability tool is in use, please run with -XX:+EnableDynamicAgentLoading to hide this warning
WARNING: If a serviceability tool is not in use, please run with -Djdk.instrument.traceUsage for more information
WARNING: Dynamic loading of agents will be disallowed by default in a future release
]]></system-err>
</testsuite>
